14.4s 1 recovery_strategy  Level 0 Recovery  Level 1 Recovery
14.4s 2 sex
14.4s 3 Female                           32                39
14.4s 4 Male                             57                55
14.4s 5 0.5377947810444592
21.1s 6 [NbConvertApp] Converting notebook __notebook__.ipynb to notebook
21.5s 7 [NbConvertApp] Writing 293995 bytes to __notebook__.ipynb
22.2s 8 [NbConvertApp] Converting notebook __notebook__.ipynb to html
23.1s 9 [NbConvertApp] Support files will be in __results___files/
23.1s 10 [NbConvertApp] Making directory __results___files
23.1s 11 [NbConvertApp] Making directory __results___files
23.1s 12 [NbConvertApp] Making directory __results___files
23.1s 13 [NbConvertApp] Making directory __results___files
23.1s 14 [NbConvertApp] Making directory __results___files
23.1s 15 [NbConvertApp] Making directory __results___files
23.1s 16 [NbConvertApp] Making directory __results___files
23.1s 17 [NbConvertApp] Making directory __results___files
23.1s 18 [NbConvertApp] Making directory __results___files
23.1s 19 [NbConvertApp] Making directory __results___files
23.1s 20 [NbConvertApp] Writing 336377 bytes to __results__.html